Running hourly memory summarizer at 2026-02-09T05:00:01.099753
Found 0 recent session files
Extracted 0 messages
Summary: No activity recorded....
Appended to /root/.openclaw/workspace/memory/2026-02-09.md
Running hourly memory summarizer at 2026-02-09T06:00:01.303292
Found 0 recent session files
Extracted 0 messages
Summary: No activity recorded....
Appended to /root/.openclaw/workspace/memory/2026-02-09.md
Running hourly memory summarizer at 2026-02-09T07:00:01.455174
Found 0 recent session files
Extracted 0 messages
Summary: No activity recorded....
Appended to /root/.openclaw/workspace/memory/2026-02-09.md
Running hourly memory summarizer at 2026-02-09T08:00:01.605476
Found 0 recent session files
Extracted 0 messages
Summary: No activity recorded....
Appended to /root/.openclaw/workspace/memory/2026-02-09.md
Running hourly memory summarizer at 2026-02-09T09:00:01.765537
Found 0 recent session files
Extracted 0 messages
Summary: No activity recorded....
Appended to /root/.openclaw/workspace/memory/2026-02-09.md
Running hourly memory summarizer at 2026-02-09T10:00:01.958945
Found 0 recent session files
Extracted 0 messages
Summary: No activity recorded....
Appended to /root/.openclaw/workspace/memory/2026-02-09.md
Running hourly memory summarizer at 2026-02-09T11:00:01.113447
Found 0 recent session files
Extracted 0 messages
Summary: No activity recorded....
Appended to /root/.openclaw/workspace/memory/2026-02-09.md
Running hourly memory summarizer at 2026-02-09T12:00:01.275901
Found 0 recent session files
Extracted 0 messages
Summary: No activity recorded....
Appended to /root/.openclaw/workspace/memory/2026-02-09.md
Running hourly memory summarizer at 2026-02-09T13:00:01.415265
Found 0 recent session files
Extracted 0 messages
Summary: No activity recorded....
Appended to /root/.openclaw/workspace/memory/2026-02-09.md
Running hourly memory summarizer at 2026-02-09T14:00:01.617130
Found 0 recent session files
Extracted 0 messages
Summary: No activity recorded....
Appended to /root/.openclaw/workspace/memory/2026-02-09.md
Running hourly memory summarizer at 2026-02-09T15:00:01.757348
Found 0 recent session files
Extracted 0 messages
Summary: No activity recorded....
Appended to /root/.openclaw/workspace/memory/2026-02-09.md
Running hourly memory summarizer at 2026-02-09T16:00:01.769486
Found 0 recent session files
Extracted 0 messages
Summary: No activity recorded....
Appended to /root/.openclaw/workspace/memory/2026-02-09.md
Running hourly memory summarizer at 2026-02-09T17:00:01.916023
Found 0 recent session files
Extracted 0 messages
Summary: No activity recorded....
Appended to /root/.openclaw/workspace/memory/2026-02-09.md
Running hourly memory summarizer at 2026-02-09T18:00:01.066149
Found 0 recent session files
Extracted 0 messages
Summary: No activity recorded....
Appended to /root/.openclaw/workspace/memory/2026-02-09.md
Running hourly memory summarizer at 2026-02-09T19:00:01.236812
Found 0 recent session files
Extracted 0 messages
Summary: No activity recorded....
Appended to /root/.openclaw/workspace/memory/2026-02-09.md
Running hourly memory summarizer at 2026-02-09T20:00:01.415038
Found 0 recent session files
Extracted 0 messages
Summary: No activity recorded....
Appended to /root/.openclaw/workspace/memory/2026-02-09.md
Running hourly memory summarizer at 2026-02-09T21:00:01.569709
Found 0 recent session files
Extracted 0 messages
Summary: No activity recorded....
Appended to /root/.openclaw/workspace/memory/2026-02-09.md
Running hourly memory summarizer at 2026-02-09T22:00:01.742427
Found 0 recent session files
Extracted 0 messages
Summary: No activity recorded....
Appended to /root/.openclaw/workspace/memory/2026-02-09.md
Running hourly memory summarizer at 2026-02-09T23:00:01.887370
Found 0 recent session files
Extracted 0 messages
Summary: No activity recorded....
Appended to /root/.openclaw/workspace/memory/2026-02-09.md
Running hourly memory summarizer at 2026-02-10T00:00:01.099980
Found 0 recent session files
Extracted 0 messages
Summary: No activity recorded....
Appended to /root/.openclaw/workspace/memory/2026-02-10.md
Running hourly memory summarizer at 2026-02-10T01:00:01.252994
Found 0 recent session files
Extracted 0 messages
Summary: No activity recorded....
Appended to /root/.openclaw/workspace/memory/2026-02-10.md
Running hourly memory summarizer at 2026-02-10T02:00:01.425597
Found 0 recent session files
Extracted 0 messages
Summary: No activity recorded....
Appended to /root/.openclaw/workspace/memory/2026-02-10.md
Running hourly memory summarizer at 2026-02-10T03:00:01.593050
Found 0 recent session files
Extracted 0 messages
Summary: No activity recorded....
Appended to /root/.openclaw/workspace/memory/2026-02-10.md
Running hourly memory summarizer at 2026-02-10T04:00:01.749967
Found 0 recent session files
Extracted 0 messages
Summary: No activity recorded....
Appended to /root/.openclaw/workspace/memory/2026-02-10.md
Running hourly memory summarizer at 2026-02-10T05:00:01.906631
Found 0 recent session files
Extracted 0 messages
Summary: No activity recorded....
Appended to /root/.openclaw/workspace/memory/2026-02-10.md
Running hourly memory summarizer at 2026-02-10T06:00:01.089779
Found 0 recent session files
Extracted 0 messages
Summary: No activity recorded....
Appended to /root/.openclaw/workspace/memory/2026-02-10.md
Running hourly memory summarizer at 2026-02-10T07:00:01.249536
Found 0 recent session files
Extracted 0 messages
Summary: No activity recorded....
Appended to /root/.openclaw/workspace/memory/2026-02-10.md
Running hourly memory summarizer at 2026-02-10T08:00:01.396402
Found 0 recent session files
Extracted 0 messages
Summary: No activity recorded....
Appended to /root/.openclaw/workspace/memory/2026-02-10.md
Running hourly memory summarizer at 2026-02-10T09:00:01.553315
Found 0 recent session files
Extracted 0 messages
Summary: No activity recorded....
Appended to /root/.openclaw/workspace/memory/2026-02-10.md
Running hourly memory summarizer at 2026-02-10T10:00:01.748556
Found 0 recent session files
Extracted 0 messages
Summary: No activity recorded....
Appended to /root/.openclaw/workspace/memory/2026-02-10.md
Running hourly memory summarizer at 2026-02-10T11:00:01.916405
Found 0 recent session files
Extracted 0 messages
Summary: No activity recorded....
Appended to /root/.openclaw/workspace/memory/2026-02-10.md
Running hourly memory summarizer at 2026-02-10T12:00:01.120507
Found 0 recent session files
Extracted 0 messages
Summary: No activity recorded....
Appended to /root/.openclaw/workspace/memory/2026-02-10.md
Running hourly memory summarizer at 2026-02-10T13:00:01.321009
Found 0 recent session files
Extracted 0 messages
Summary: No activity recorded....
Appended to /root/.openclaw/workspace/memory/2026-02-10.md
Running hourly memory summarizer at 2026-02-10T14:00:01.538236
Found 0 recent session files
Extracted 0 messages
Summary: No activity recorded....
Appended to /root/.openclaw/workspace/memory/2026-02-10.md
Running hourly memory summarizer at 2026-02-10T15:00:01.692982
Found 0 recent session files
Extracted 0 messages
Summary: No activity recorded....
Appended to /root/.openclaw/workspace/memory/2026-02-10.md
Running hourly memory summarizer at 2026-02-10T16:00:01.902933
Found 0 recent session files
Extracted 0 messages
Summary: No activity recorded....
Appended to /root/.openclaw/workspace/memory/2026-02-10.md
Running hourly memory summarizer at 2026-02-10T17:00:01.162747
Found 0 recent session files
Extracted 0 messages
Summary: No activity recorded....
Appended to /root/.openclaw/workspace/memory/2026-02-10.md
Running hourly memory summarizer at 2026-02-10T18:00:01.345183
Found 0 recent session files
Extracted 0 messages
Summary: No activity recorded....
Appended to /root/.openclaw/workspace/memory/2026-02-10.md
Running hourly memory summarizer at 2026-02-10T19:00:01.549192
Found 0 recent session files
Extracted 0 messages
Summary: No activity recorded....
Appended to /root/.openclaw/workspace/memory/2026-02-10.md
Running hourly memory summarizer at 2026-02-10T20:00:01.722536
Found 0 recent session files
Extracted 0 messages
Summary: No activity recorded....
Appended to /root/.openclaw/workspace/memory/2026-02-10.md
Running hourly memory summarizer at 2026-02-10T21:00:01.948403
Found 0 recent session files
Extracted 0 messages
Summary: No activity recorded....
Appended to /root/.openclaw/workspace/memory/2026-02-10.md
Running hourly memory summarizer at 2026-02-10T22:00:01.153337
Found 0 recent session files
Extracted 0 messages
Summary: No activity recorded....
Appended to /root/.openclaw/workspace/memory/2026-02-10.md
Running hourly memory summarizer at 2026-02-10T23:00:01.330955
Found 0 recent session files
Extracted 0 messages
Summary: No activity recorded....
Appended to /root/.openclaw/workspace/memory/2026-02-10.md
Running hourly memory summarizer at 2026-02-11T00:00:01.571336
Found 0 recent session files
Extracted 0 messages
Summary: No activity recorded....
Appended to /root/.openclaw/workspace/memory/2026-02-11.md
Running hourly memory summarizer at 2026-02-11T01:00:01.742872
Found 0 recent session files
Extracted 0 messages
Summary: No activity recorded....
Appended to /root/.openclaw/workspace/memory/2026-02-11.md
Running hourly memory summarizer at 2026-02-11T02:00:01.950335
Found 0 recent session files
Extracted 0 messages
Summary: No activity recorded....
Appended to /root/.openclaw/workspace/memory/2026-02-11.md
Running hourly memory summarizer at 2026-02-11T03:00:01.128146
Found 0 recent session files
Extracted 0 messages
Summary: No activity recorded....
Appended to /root/.openclaw/workspace/memory/2026-02-11.md
Running hourly memory summarizer at 2026-02-11T04:00:01.314239
Found 0 recent session files
Extracted 0 messages
Summary: No activity recorded....
Appended to /root/.openclaw/workspace/memory/2026-02-11.md
Running hourly memory summarizer at 2026-02-11T05:00:01.519233
Found 0 recent session files
Extracted 0 messages
Summary: No activity recorded....
Appended to /root/.openclaw/workspace/memory/2026-02-11.md
Running hourly memory summarizer at 2026-02-11T06:00:01.695210
Found 0 recent session files
Extracted 0 messages
Summary: No activity recorded....
Appended to /root/.openclaw/workspace/memory/2026-02-11.md
Running hourly memory summarizer at 2026-02-11T07:00:01.904810
Found 0 recent session files
Extracted 0 messages
Summary: No activity recorded....
Appended to /root/.openclaw/workspace/memory/2026-02-11.md
Running hourly memory summarizer at 2026-02-11T08:00:01.096610
Found 0 recent session files
Extracted 0 messages
Summary: No activity recorded....
Appended to /root/.openclaw/workspace/memory/2026-02-11.md
Running hourly memory summarizer at 2026-02-11T09:00:01.265632
Found 0 recent session files
Extracted 0 messages
Summary: No activity recorded....
Appended to /root/.openclaw/workspace/memory/2026-02-11.md
Running hourly memory summarizer at 2026-02-11T10:00:01.429244
Found 0 recent session files
Extracted 0 messages
Summary: No activity recorded....
Appended to /root/.openclaw/workspace/memory/2026-02-11.md
Running hourly memory summarizer at 2026-02-11T11:00:01.608009
Found 0 recent session files
Extracted 0 messages
Summary: No activity recorded....
Appended to /root/.openclaw/workspace/memory/2026-02-11.md
Running hourly memory summarizer at 2026-02-11T12:00:01.830919
Found 0 recent session files
Extracted 0 messages
Summary: No activity recorded....
Appended to /root/.openclaw/workspace/memory/2026-02-11.md
Running hourly memory summarizer at 2026-02-11T13:00:02.037803
Found 0 recent session files
Extracted 0 messages
Summary: No activity recorded....
Appended to /root/.openclaw/workspace/memory/2026-02-11.md
Running hourly memory summarizer at 2026-02-11T14:00:01.240657
Found 0 recent session files
Extracted 0 messages
Summary: No activity recorded....
Appended to /root/.openclaw/workspace/memory/2026-02-11.md
Running hourly memory summarizer at 2026-02-11T15:00:01.500268
Found 0 recent session files
Extracted 0 messages
Summary: No activity recorded....
Appended to /root/.openclaw/workspace/memory/2026-02-11.md
Running hourly memory summarizer at 2026-02-11T16:00:01.653356
Found 0 recent session files
Extracted 0 messages
Summary: No activity recorded....
Appended to /root/.openclaw/workspace/memory/2026-02-11.md
Running hourly memory summarizer at 2026-02-11T17:00:01.821011
Found 0 recent session files
Extracted 0 messages
Summary: No activity recorded....
Appended to /root/.openclaw/workspace/memory/2026-02-11.md
Running hourly memory summarizer at 2026-02-11T18:00:02.014935
Found 0 recent session files
Extracted 0 messages
Summary: No activity recorded....
Appended to /root/.openclaw/workspace/memory/2026-02-11.md
Running hourly memory summarizer at 2026-02-11T19:00:01.228645
Found 0 recent session files
Extracted 0 messages
Summary: No activity recorded....
Appended to /root/.openclaw/workspace/memory/2026-02-11.md
Running hourly memory summarizer at 2026-02-11T20:00:01.441877
Found 0 recent session files
Extracted 0 messages
Summary: No activity recorded....
Appended to /root/.openclaw/workspace/memory/2026-02-11.md
Running hourly memory summarizer at 2026-02-11T21:00:01.621420
Found 0 recent session files
Extracted 0 messages
Summary: No activity recorded....
Appended to /root/.openclaw/workspace/memory/2026-02-11.md
Running hourly memory summarizer at 2026-02-11T22:00:01.799504
Found 0 recent session files
Extracted 0 messages
Summary: No activity recorded....
Appended to /root/.openclaw/workspace/memory/2026-02-11.md
Running hourly memory summarizer at 2026-02-11T23:00:01.940594
Found 0 recent session files
Extracted 0 messages
Summary: No activity recorded....
Appended to /root/.openclaw/workspace/memory/2026-02-11.md
Running hourly memory summarizer at 2026-02-12T00:00:01.155538
Found 0 recent session files
Extracted 0 messages
Summary: No activity recorded....
Appended to /root/.openclaw/workspace/memory/2026-02-12.md
Running hourly memory summarizer at 2026-02-12T01:00:01.345168
Found 0 recent session files
Extracted 0 messages
Summary: No activity recorded....
Appended to /root/.openclaw/workspace/memory/2026-02-12.md
Running hourly memory summarizer at 2026-02-12T02:00:01.522811
Found 0 recent session files
Extracted 0 messages
Summary: No activity recorded....
Appended to /root/.openclaw/workspace/memory/2026-02-12.md
Running hourly memory summarizer at 2026-02-12T03:00:01.696249
Found 0 recent session files
Extracted 0 messages
Summary: No activity recorded....
Appended to /root/.openclaw/workspace/memory/2026-02-12.md
Running hourly memory summarizer at 2026-02-12T04:00:01.888604
Found 0 recent session files
Extracted 0 messages
Summary: No activity recorded....
Appended to /root/.openclaw/workspace/memory/2026-02-12.md
Running hourly memory summarizer at 2026-02-12T05:00:01.069592
Found 0 recent session files
Extracted 0 messages
Summary: No activity recorded....
Appended to /root/.openclaw/workspace/memory/2026-02-12.md
Running hourly memory summarizer at 2026-02-12T06:00:01.287775
Found 0 recent session files
Extracted 0 messages
Summary: No activity recorded....
Appended to /root/.openclaw/workspace/memory/2026-02-12.md
Running hourly memory summarizer at 2026-02-12T07:00:01.539791
Found 0 recent session files
Extracted 0 messages
Summary: No activity recorded....
Appended to /root/.openclaw/workspace/memory/2026-02-12.md
Running hourly memory summarizer at 2026-02-12T08:00:01.718598
Found 0 recent session files
Extracted 0 messages
Summary: No activity recorded....
Appended to /root/.openclaw/workspace/memory/2026-02-12.md
Running hourly memory summarizer at 2026-02-12T09:00:01.880063
Found 0 recent session files
Extracted 0 messages
Summary: No activity recorded....
Appended to /root/.openclaw/workspace/memory/2026-02-12.md
Running hourly memory summarizer at 2026-02-12T10:00:01.050865
Found 0 recent session files
Extracted 0 messages
Summary: No activity recorded....
Appended to /root/.openclaw/workspace/memory/2026-02-12.md
Running hourly memory summarizer at 2026-02-12T11:00:01.242054
Found 0 recent session files
Extracted 0 messages
Summary: No activity recorded....
Appended to /root/.openclaw/workspace/memory/2026-02-12.md
Running hourly memory summarizer at 2026-02-12T12:00:01.460037
Found 0 recent session files
Extracted 0 messages
Summary: No activity recorded....
Appended to /root/.openclaw/workspace/memory/2026-02-12.md
Running hourly memory summarizer at 2026-02-12T13:00:01.612231
Found 0 recent session files
Extracted 0 messages
Summary: No activity recorded....
Appended to /root/.openclaw/workspace/memory/2026-02-12.md
Running hourly memory summarizer at 2026-02-12T14:00:01.837252
Found 0 recent session files
Extracted 0 messages
Summary: No activity recorded....
Appended to /root/.openclaw/workspace/memory/2026-02-12.md
Running hourly memory summarizer at 2026-02-12T15:00:01.038021
Found 0 recent session files
Extracted 0 messages
Summary: No activity recorded....
Appended to /root/.openclaw/workspace/memory/2026-02-12.md
Running hourly memory summarizer at 2026-02-12T16:00:01.429849
Found 0 recent session files
Extracted 0 messages
Summary: No activity recorded....
Appended to /root/.openclaw/workspace/memory/2026-02-12.md
Running hourly memory summarizer at 2026-02-12T17:00:01.713898
Found 0 recent session files
Extracted 0 messages
Summary: No activity recorded....
Appended to /root/.openclaw/workspace/memory/2026-02-12.md
Running hourly memory summarizer at 2026-02-12T18:00:01.875944
Found 0 recent session files
Extracted 0 messages
Summary: No activity recorded....
Appended to /root/.openclaw/workspace/memory/2026-02-12.md
Running hourly memory summarizer at 2026-02-12T19:00:01.074487
Found 0 recent session files
Extracted 0 messages
Summary: No activity recorded....
Appended to /root/.openclaw/workspace/memory/2026-02-12.md
Running hourly memory summarizer at 2026-02-12T20:00:01.366122
Found 0 recent session files
Extracted 0 messages
Summary: No activity recorded....
Appended to /root/.openclaw/workspace/memory/2026-02-12.md
Running hourly memory summarizer at 2026-02-12T21:00:01.657928
Found 0 recent session files
Extracted 0 messages
Summary: No activity recorded....
Appended to /root/.openclaw/workspace/memory/2026-02-12.md
Running hourly memory summarizer at 2026-02-12T22:00:01.827355
Found 0 recent session files
Extracted 0 messages
Summary: No activity recorded....
Appended to /root/.openclaw/workspace/memory/2026-02-12.md
Running hourly memory summarizer at 2026-02-12T23:00:01.993626
Found 0 recent session files
Extracted 0 messages
Summary: No activity recorded....
Appended to /root/.openclaw/workspace/memory/2026-02-12.md
Running hourly memory summarizer at 2026-02-13T00:00:01.186988
Found 0 recent session files
Extracted 0 messages
Summary: No activity recorded....
Appended to /root/.openclaw/workspace/memory/2026-02-13.md
Running hourly memory summarizer at 2026-02-13T01:00:01.410009
Found 0 recent session files
Extracted 0 messages
Summary: No activity recorded....
Appended to /root/.openclaw/workspace/memory/2026-02-13.md
Running hourly memory summarizer at 2026-02-13T02:00:01.630051
Found 0 recent session files
Extracted 0 messages
Summary: No activity recorded....
Appended to /root/.openclaw/workspace/memory/2026-02-13.md
Running hourly memory summarizer at 2026-02-13T03:00:01.909545
Found 0 recent session files
Extracted 0 messages
Summary: No activity recorded....
Appended to /root/.openclaw/workspace/memory/2026-02-13.md
Running hourly memory summarizer at 2026-02-13T04:00:01.080786
Found 0 recent session files
Extracted 0 messages
Summary: No activity recorded....
Appended to /root/.openclaw/workspace/memory/2026-02-13.md
Running hourly memory summarizer at 2026-02-13T05:00:01.351830
Found 0 recent session files
Extracted 0 messages
Summary: No activity recorded....
Appended to /root/.openclaw/workspace/memory/2026-02-13.md
Running hourly memory summarizer at 2026-02-13T06:00:01.556646
Found 0 recent session files
Extracted 0 messages
Summary: No activity recorded....
Appended to /root/.openclaw/workspace/memory/2026-02-13.md
Running hourly memory summarizer at 2026-02-13T07:00:01.833028
Found 0 recent session files
Extracted 0 messages
Summary: No activity recorded....
Appended to /root/.openclaw/workspace/memory/2026-02-13.md
Running hourly memory summarizer at 2026-02-13T08:00:02.018209
Found 0 recent session files
Extracted 0 messages
Summary: No activity recorded....
Appended to /root/.openclaw/workspace/memory/2026-02-13.md
Running hourly memory summarizer at 2026-02-13T09:00:01.269912
Found 0 recent session files
Extracted 0 messages
Summary: No activity recorded....
Appended to /root/.openclaw/workspace/memory/2026-02-13.md
Running hourly memory summarizer at 2026-02-13T10:00:01.433217
Found 0 recent session files
Extracted 0 messages
Summary: No activity recorded....
Appended to /root/.openclaw/workspace/memory/2026-02-13.md
Running hourly memory summarizer at 2026-02-13T11:00:01.672174
Found 0 recent session files
Extracted 0 messages
Summary: No activity recorded....
Appended to /root/.openclaw/workspace/memory/2026-02-13.md
Running hourly memory summarizer at 2026-02-13T12:00:01.892767
Found 0 recent session files
Extracted 0 messages
Summary: No activity recorded....
Appended to /root/.openclaw/workspace/memory/2026-02-13.md
Running hourly memory summarizer at 2026-02-13T13:00:01.108647
Found 0 recent session files
Extracted 0 messages
Summary: No activity recorded....
Appended to /root/.openclaw/workspace/memory/2026-02-13.md
Running hourly memory summarizer at 2026-02-13T14:00:01.280772
Found 0 recent session files
Extracted 0 messages
Summary: No activity recorded....
Appended to /root/.openclaw/workspace/memory/2026-02-13.md
Running hourly memory summarizer at 2026-02-13T15:00:01.490329
Found 0 recent session files
Extracted 0 messages
Summary: No activity recorded....
Appended to /root/.openclaw/workspace/memory/2026-02-13.md
Running hourly memory summarizer at 2026-02-13T16:00:01.685410
Found 0 recent session files
Extracted 0 messages
Summary: No activity recorded....
Appended to /root/.openclaw/workspace/memory/2026-02-13.md
Running hourly memory summarizer at 2026-02-13T17:00:01.862103
Found 0 recent session files
Extracted 0 messages
Summary: No activity recorded....
Appended to /root/.openclaw/workspace/memory/2026-02-13.md
Running hourly memory summarizer at 2026-02-13T18:00:02.073994
Found 0 recent session files
Extracted 0 messages
Summary: No activity recorded....
Appended to /root/.openclaw/workspace/memory/2026-02-13.md
Running hourly memory summarizer at 2026-02-13T19:00:01.257363
Found 0 recent session files
Extracted 0 messages
Summary: No activity recorded....
Appended to /root/.openclaw/workspace/memory/2026-02-13.md
Running hourly memory summarizer at 2026-02-13T20:00:01.441173
Found 0 recent session files
Extracted 0 messages
Summary: No activity recorded....
Appended to /root/.openclaw/workspace/memory/2026-02-13.md
Running hourly memory summarizer at 2026-02-13T21:00:01.689544
Found 0 recent session files
Extracted 0 messages
Summary: No activity recorded....
Appended to /root/.openclaw/workspace/memory/2026-02-13.md
Running hourly memory summarizer at 2026-02-13T22:00:01.897475
Found 0 recent session files
Extracted 0 messages
Summary: No activity recorded....
Appended to /root/.openclaw/workspace/memory/2026-02-13.md
Running hourly memory summarizer at 2026-02-13T23:00:01.158502
Found 0 recent session files
Extracted 0 messages
Summary: No activity recorded....
Appended to /root/.openclaw/workspace/memory/2026-02-13.md
Running hourly memory summarizer at 2026-02-14T00:00:01.550770
Found 0 recent session files
Extracted 0 messages
Summary: No activity recorded....
Appended to /root/.openclaw/workspace/memory/2026-02-14.md
Running hourly memory summarizer at 2026-02-14T01:00:01.841838
Found 0 recent session files
Extracted 0 messages
Summary: No activity recorded....
Appended to /root/.openclaw/workspace/memory/2026-02-14.md
Running hourly memory summarizer at 2026-02-14T02:00:02.042648
Found 0 recent session files
Extracted 0 messages
Summary: No activity recorded....
Appended to /root/.openclaw/workspace/memory/2026-02-14.md
Running hourly memory summarizer at 2026-02-14T03:00:01.274119
Found 0 recent session files
Extracted 0 messages
Summary: No activity recorded....
Appended to /root/.openclaw/workspace/memory/2026-02-14.md
Running hourly memory summarizer at 2026-02-14T04:00:01.552266
Found 0 recent session files
Extracted 0 messages
Summary: No activity recorded....
Appended to /root/.openclaw/workspace/memory/2026-02-14.md
Running hourly memory summarizer at 2026-02-14T05:00:01.826983
Found 0 recent session files
Extracted 0 messages
Summary: No activity recorded....
Appended to /root/.openclaw/workspace/memory/2026-02-14.md
Running hourly memory summarizer at 2026-02-14T06:00:02.064894
Found 0 recent session files
Extracted 0 messages
Summary: No activity recorded....
Appended to /root/.openclaw/workspace/memory/2026-02-14.md
Running hourly memory summarizer at 2026-02-14T07:00:01.315095
Found 0 recent session files
Extracted 0 messages
Summary: No activity recorded....
Appended to /root/.openclaw/workspace/memory/2026-02-14.md
Running hourly memory summarizer at 2026-02-14T08:00:01.532995
Found 0 recent session files
Extracted 0 messages
Summary: No activity recorded....
Appended to /root/.openclaw/workspace/memory/2026-02-14.md
Running hourly memory summarizer at 2026-02-14T09:00:01.757209
Found 0 recent session files
Extracted 0 messages
Summary: No activity recorded....
Appended to /root/.openclaw/workspace/memory/2026-02-14.md
Running hourly memory summarizer at 2026-02-14T10:00:01.941670
Found 0 recent session files
Extracted 0 messages
Summary: No activity recorded....
Appended to /root/.openclaw/workspace/memory/2026-02-14.md
Running hourly memory summarizer at 2026-02-14T11:00:01.134563
Found 0 recent session files
Extracted 0 messages
Summary: No activity recorded....
Appended to /root/.openclaw/workspace/memory/2026-02-14.md
Running hourly memory summarizer at 2026-02-14T12:00:01.546710
Found 0 recent session files
Extracted 0 messages
Summary: No activity recorded....
Appended to /root/.openclaw/workspace/memory/2026-02-14.md
Running hourly memory summarizer at 2026-02-14T13:00:01.858052
Found 0 recent session files
Extracted 0 messages
Summary: No activity recorded....
Appended to /root/.openclaw/workspace/memory/2026-02-14.md
Running hourly memory summarizer at 2026-02-14T14:00:02.024735
Found 0 recent session files
Extracted 0 messages
Summary: No activity recorded....
Appended to /root/.openclaw/workspace/memory/2026-02-14.md
Running hourly memory summarizer at 2026-02-14T15:00:01.251312
Found 0 recent session files
Extracted 0 messages
Summary: No activity recorded....
Appended to /root/.openclaw/workspace/memory/2026-02-14.md
Running hourly memory summarizer at 2026-02-14T16:00:01.419862
Found 0 recent session files
Extracted 0 messages
Summary: No activity recorded....
Appended to /root/.openclaw/workspace/memory/2026-02-14.md
Running hourly memory summarizer at 2026-02-14T17:00:01.662746
Found 0 recent session files
Extracted 0 messages
Summary: No activity recorded....
Appended to /root/.openclaw/workspace/memory/2026-02-14.md
Running hourly memory summarizer at 2026-02-14T18:00:01.861087
Found 0 recent session files
Extracted 0 messages
Summary: No activity recorded....
Appended to /root/.openclaw/workspace/memory/2026-02-14.md
Running hourly memory summarizer at 2026-02-14T19:00:01.042448
Found 0 recent session files
Extracted 0 messages
Summary: No activity recorded....
Appended to /root/.openclaw/workspace/memory/2026-02-14.md
Running hourly memory summarizer at 2026-02-14T20:00:01.249517
Found 0 recent session files
Extracted 0 messages
Summary: No activity recorded....
Appended to /root/.openclaw/workspace/memory/2026-02-14.md
