Running pre-compaction dump...
Found 0 recent session files
Extracted 0 messages
Saved pre-compaction dump to /root/.openclaw/workspace/memory/precompact/precompact_20260209_0430.json
Compact summary: 0 messages, 0 projects
Running pre-compaction dump...
Found 0 recent session files
Extracted 0 messages
Saved pre-compaction dump to /root/.openclaw/workspace/memory/precompact/precompact_20260209_0500.json
Compact summary: 0 messages, 0 projects
Running pre-compaction dump...
Found 0 recent session files
Extracted 0 messages
Saved pre-compaction dump to /root/.openclaw/workspace/memory/precompact/precompact_20260209_0530.json
Compact summary: 0 messages, 0 projects
Running pre-compaction dump...
Found 0 recent session files
Extracted 0 messages
Saved pre-compaction dump to /root/.openclaw/workspace/memory/precompact/precompact_20260209_0600.json
Compact summary: 0 messages, 0 projects
Running pre-compaction dump...
Found 0 recent session files
Extracted 0 messages
Saved pre-compaction dump to /root/.openclaw/workspace/memory/precompact/precompact_20260209_0630.json
Compact summary: 0 messages, 0 projects
Running pre-compaction dump...
Found 0 recent session files
Extracted 0 messages
Saved pre-compaction dump to /root/.openclaw/workspace/memory/precompact/precompact_20260209_0700.json
Compact summary: 0 messages, 0 projects
Running pre-compaction dump...
Found 0 recent session files
Extracted 0 messages
Saved pre-compaction dump to /root/.openclaw/workspace/memory/precompact/precompact_20260209_0730.json
Compact summary: 0 messages, 0 projects
Running pre-compaction dump...
Found 0 recent session files
Extracted 0 messages
Saved pre-compaction dump to /root/.openclaw/workspace/memory/precompact/precompact_20260209_0800.json
Compact summary: 0 messages, 0 projects
Running pre-compaction dump...
Found 0 recent session files
Extracted 0 messages
Saved pre-compaction dump to /root/.openclaw/workspace/memory/precompact/precompact_20260209_0830.json
Compact summary: 0 messages, 0 projects
Running pre-compaction dump...
Found 0 recent session files
Extracted 0 messages
Saved pre-compaction dump to /root/.openclaw/workspace/memory/precompact/precompact_20260209_0900.json
Compact summary: 0 messages, 0 projects
Running pre-compaction dump...
Found 0 recent session files
Extracted 0 messages
Saved pre-compaction dump to /root/.openclaw/workspace/memory/precompact/precompact_20260209_0930.json
Compact summary: 0 messages, 0 projects
Running pre-compaction dump...
Found 0 recent session files
Extracted 0 messages
Saved pre-compaction dump to /root/.openclaw/workspace/memory/precompact/precompact_20260209_1000.json
Compact summary: 0 messages, 0 projects
Running pre-compaction dump...
Found 0 recent session files
Extracted 0 messages
Saved pre-compaction dump to /root/.openclaw/workspace/memory/precompact/precompact_20260209_1030.json
Compact summary: 0 messages, 0 projects
Running pre-compaction dump...
Found 0 recent session files
Extracted 0 messages
Saved pre-compaction dump to /root/.openclaw/workspace/memory/precompact/precompact_20260209_1100.json
Compact summary: 0 messages, 0 projects
Running pre-compaction dump...
Found 0 recent session files
Extracted 0 messages
Saved pre-compaction dump to /root/.openclaw/workspace/memory/precompact/precompact_20260209_1130.json
Compact summary: 0 messages, 0 projects
Running pre-compaction dump...
Found 0 recent session files
Extracted 0 messages
Saved pre-compaction dump to /root/.openclaw/workspace/memory/precompact/precompact_20260209_1200.json
Compact summary: 0 messages, 0 projects
Running pre-compaction dump...
Found 0 recent session files
Extracted 0 messages
Saved pre-compaction dump to /root/.openclaw/workspace/memory/precompact/precompact_20260209_1230.json
Compact summary: 0 messages, 0 projects
Running pre-compaction dump...
Found 0 recent session files
Extracted 0 messages
Saved pre-compaction dump to /root/.openclaw/workspace/memory/precompact/precompact_20260209_1300.json
Compact summary: 0 messages, 0 projects
Running pre-compaction dump...
Found 0 recent session files
Extracted 0 messages
Saved pre-compaction dump to /root/.openclaw/workspace/memory/precompact/precompact_20260209_1330.json
Compact summary: 0 messages, 0 projects
Running pre-compaction dump...
Found 0 recent session files
Extracted 0 messages
Saved pre-compaction dump to /root/.openclaw/workspace/memory/precompact/precompact_20260209_1400.json
Compact summary: 0 messages, 0 projects
Running pre-compaction dump...
Found 0 recent session files
Extracted 0 messages
Saved pre-compaction dump to /root/.openclaw/workspace/memory/precompact/precompact_20260209_1430.json
Compact summary: 0 messages, 0 projects
Running pre-compaction dump...
Found 0 recent session files
Extracted 0 messages
Saved pre-compaction dump to /root/.openclaw/workspace/memory/precompact/precompact_20260209_1500.json
Compact summary: 0 messages, 0 projects
Running pre-compaction dump...
Found 0 recent session files
Extracted 0 messages
Saved pre-compaction dump to /root/.openclaw/workspace/memory/precompact/precompact_20260209_1530.json
Compact summary: 0 messages, 0 projects
Running pre-compaction dump...
Found 0 recent session files
Extracted 0 messages
Saved pre-compaction dump to /root/.openclaw/workspace/memory/precompact/precompact_20260209_1600.json
Compact summary: 0 messages, 0 projects
Running pre-compaction dump...
Found 0 recent session files
Extracted 0 messages
Saved pre-compaction dump to /root/.openclaw/workspace/memory/precompact/precompact_20260209_1630.json
Compact summary: 0 messages, 0 projects
Running pre-compaction dump...
Found 0 recent session files
Extracted 0 messages
Saved pre-compaction dump to /root/.openclaw/workspace/memory/precompact/precompact_20260209_1700.json
Compact summary: 0 messages, 0 projects
Running pre-compaction dump...
Found 0 recent session files
Extracted 0 messages
Saved pre-compaction dump to /root/.openclaw/workspace/memory/precompact/precompact_20260209_1730.json
Compact summary: 0 messages, 0 projects
Running pre-compaction dump...
Found 0 recent session files
Extracted 0 messages
Saved pre-compaction dump to /root/.openclaw/workspace/memory/precompact/precompact_20260209_1800.json
Compact summary: 0 messages, 0 projects
Running pre-compaction dump...
Found 0 recent session files
Extracted 0 messages
Saved pre-compaction dump to /root/.openclaw/workspace/memory/precompact/precompact_20260209_1830.json
Compact summary: 0 messages, 0 projects
Running pre-compaction dump...
Found 0 recent session files
Extracted 0 messages
Saved pre-compaction dump to /root/.openclaw/workspace/memory/precompact/precompact_20260209_1900.json
Compact summary: 0 messages, 0 projects
Running pre-compaction dump...
Found 0 recent session files
Extracted 0 messages
Saved pre-compaction dump to /root/.openclaw/workspace/memory/precompact/precompact_20260209_1930.json
Compact summary: 0 messages, 0 projects
Running pre-compaction dump...
Found 0 recent session files
Extracted 0 messages
Saved pre-compaction dump to /root/.openclaw/workspace/memory/precompact/precompact_20260209_2000.json
Compact summary: 0 messages, 0 projects
Running pre-compaction dump...
Found 0 recent session files
Extracted 0 messages
Saved pre-compaction dump to /root/.openclaw/workspace/memory/precompact/precompact_20260209_2030.json
Compact summary: 0 messages, 0 projects
Running pre-compaction dump...
Found 0 recent session files
Extracted 0 messages
Saved pre-compaction dump to /root/.openclaw/workspace/memory/precompact/precompact_20260209_2100.json
Compact summary: 0 messages, 0 projects
Running pre-compaction dump...
Found 0 recent session files
Extracted 0 messages
Saved pre-compaction dump to /root/.openclaw/workspace/memory/precompact/precompact_20260209_2130.json
Compact summary: 0 messages, 0 projects
Running pre-compaction dump...
Found 0 recent session files
Extracted 0 messages
Saved pre-compaction dump to /root/.openclaw/workspace/memory/precompact/precompact_20260209_2200.json
Compact summary: 0 messages, 0 projects
Running pre-compaction dump...
Found 0 recent session files
Extracted 0 messages
Saved pre-compaction dump to /root/.openclaw/workspace/memory/precompact/precompact_20260209_2230.json
Compact summary: 0 messages, 0 projects
Running pre-compaction dump...
Found 0 recent session files
Extracted 0 messages
Saved pre-compaction dump to /root/.openclaw/workspace/memory/precompact/precompact_20260209_2300.json
Compact summary: 0 messages, 0 projects
Running pre-compaction dump...
Found 0 recent session files
Extracted 0 messages
Saved pre-compaction dump to /root/.openclaw/workspace/memory/precompact/precompact_20260209_2330.json
Compact summary: 0 messages, 0 projects
Running pre-compaction dump...
Found 0 recent session files
Extracted 0 messages
Saved pre-compaction dump to /root/.openclaw/workspace/memory/precompact/precompact_20260210_0000.json
Compact summary: 0 messages, 0 projects
Running pre-compaction dump...
Found 0 recent session files
Extracted 0 messages
Saved pre-compaction dump to /root/.openclaw/workspace/memory/precompact/precompact_20260210_0030.json
Compact summary: 0 messages, 0 projects
Running pre-compaction dump...
Found 0 recent session files
Extracted 0 messages
Saved pre-compaction dump to /root/.openclaw/workspace/memory/precompact/precompact_20260210_0100.json
Compact summary: 0 messages, 0 projects
Running pre-compaction dump...
Found 0 recent session files
Extracted 0 messages
Saved pre-compaction dump to /root/.openclaw/workspace/memory/precompact/precompact_20260210_0130.json
Compact summary: 0 messages, 0 projects
Running pre-compaction dump...
Found 0 recent session files
Extracted 0 messages
Saved pre-compaction dump to /root/.openclaw/workspace/memory/precompact/precompact_20260210_0200.json
Compact summary: 0 messages, 0 projects
Running pre-compaction dump...
Found 0 recent session files
Extracted 0 messages
Saved pre-compaction dump to /root/.openclaw/workspace/memory/precompact/precompact_20260210_0230.json
Compact summary: 0 messages, 0 projects
Running pre-compaction dump...
Found 0 recent session files
Extracted 0 messages
Saved pre-compaction dump to /root/.openclaw/workspace/memory/precompact/precompact_20260210_0300.json
Compact summary: 0 messages, 0 projects
Running pre-compaction dump...
Found 0 recent session files
Extracted 0 messages
Saved pre-compaction dump to /root/.openclaw/workspace/memory/precompact/precompact_20260210_0330.json
Compact summary: 0 messages, 0 projects
Running pre-compaction dump...
Found 0 recent session files
Extracted 0 messages
Saved pre-compaction dump to /root/.openclaw/workspace/memory/precompact/precompact_20260210_0400.json
Compact summary: 0 messages, 0 projects
Running pre-compaction dump...
Found 0 recent session files
Extracted 0 messages
Saved pre-compaction dump to /root/.openclaw/workspace/memory/precompact/precompact_20260210_0430.json
Compact summary: 0 messages, 0 projects
Running pre-compaction dump...
Found 0 recent session files
Extracted 0 messages
Saved pre-compaction dump to /root/.openclaw/workspace/memory/precompact/precompact_20260210_0500.json
Compact summary: 0 messages, 0 projects
Running pre-compaction dump...
Found 0 recent session files
Extracted 0 messages
Saved pre-compaction dump to /root/.openclaw/workspace/memory/precompact/precompact_20260210_0530.json
Compact summary: 0 messages, 0 projects
Running pre-compaction dump...
Found 0 recent session files
Extracted 0 messages
Saved pre-compaction dump to /root/.openclaw/workspace/memory/precompact/precompact_20260210_0600.json
Compact summary: 0 messages, 0 projects
Running pre-compaction dump...
Found 0 recent session files
Extracted 0 messages
Saved pre-compaction dump to /root/.openclaw/workspace/memory/precompact/precompact_20260210_0630.json
Compact summary: 0 messages, 0 projects
Running pre-compaction dump...
Found 0 recent session files
Extracted 0 messages
Saved pre-compaction dump to /root/.openclaw/workspace/memory/precompact/precompact_20260210_0700.json
Compact summary: 0 messages, 0 projects
Running pre-compaction dump...
Found 0 recent session files
Extracted 0 messages
Saved pre-compaction dump to /root/.openclaw/workspace/memory/precompact/precompact_20260210_0730.json
Compact summary: 0 messages, 0 projects
Running pre-compaction dump...
Found 0 recent session files
Extracted 0 messages
Saved pre-compaction dump to /root/.openclaw/workspace/memory/precompact/precompact_20260210_0800.json
Compact summary: 0 messages, 0 projects
Running pre-compaction dump...
Found 0 recent session files
Extracted 0 messages
Saved pre-compaction dump to /root/.openclaw/workspace/memory/precompact/precompact_20260210_0830.json
Compact summary: 0 messages, 0 projects
Running pre-compaction dump...
Found 0 recent session files
Extracted 0 messages
Saved pre-compaction dump to /root/.openclaw/workspace/memory/precompact/precompact_20260210_0900.json
Compact summary: 0 messages, 0 projects
Running pre-compaction dump...
Found 0 recent session files
Extracted 0 messages
Saved pre-compaction dump to /root/.openclaw/workspace/memory/precompact/precompact_20260210_0930.json
Compact summary: 0 messages, 0 projects
Running pre-compaction dump...
Found 0 recent session files
Extracted 0 messages
Saved pre-compaction dump to /root/.openclaw/workspace/memory/precompact/precompact_20260210_1000.json
Compact summary: 0 messages, 0 projects
Running pre-compaction dump...
Found 0 recent session files
Extracted 0 messages
Saved pre-compaction dump to /root/.openclaw/workspace/memory/precompact/precompact_20260210_1030.json
Compact summary: 0 messages, 0 projects
Running pre-compaction dump...
Found 0 recent session files
Extracted 0 messages
Saved pre-compaction dump to /root/.openclaw/workspace/memory/precompact/precompact_20260210_1100.json
Compact summary: 0 messages, 0 projects
Running pre-compaction dump...
Found 0 recent session files
Extracted 0 messages
Saved pre-compaction dump to /root/.openclaw/workspace/memory/precompact/precompact_20260210_1130.json
Compact summary: 0 messages, 0 projects
Running pre-compaction dump...
Found 0 recent session files
Extracted 0 messages
Saved pre-compaction dump to /root/.openclaw/workspace/memory/precompact/precompact_20260210_1200.json
Compact summary: 0 messages, 0 projects
Running pre-compaction dump...
Found 0 recent session files
Extracted 0 messages
Saved pre-compaction dump to /root/.openclaw/workspace/memory/precompact/precompact_20260210_1230.json
Compact summary: 0 messages, 0 projects
Running pre-compaction dump...
Found 0 recent session files
Extracted 0 messages
Saved pre-compaction dump to /root/.openclaw/workspace/memory/precompact/precompact_20260210_1300.json
Compact summary: 0 messages, 0 projects
Running pre-compaction dump...
Found 0 recent session files
Extracted 0 messages
Saved pre-compaction dump to /root/.openclaw/workspace/memory/precompact/precompact_20260210_1330.json
Compact summary: 0 messages, 0 projects
Running pre-compaction dump...
Found 0 recent session files
Extracted 0 messages
Saved pre-compaction dump to /root/.openclaw/workspace/memory/precompact/precompact_20260210_1400.json
Compact summary: 0 messages, 0 projects
Running pre-compaction dump...
Found 0 recent session files
Extracted 0 messages
Saved pre-compaction dump to /root/.openclaw/workspace/memory/precompact/precompact_20260210_1430.json
Compact summary: 0 messages, 0 projects
Running pre-compaction dump...
Found 0 recent session files
Extracted 0 messages
Saved pre-compaction dump to /root/.openclaw/workspace/memory/precompact/precompact_20260210_1500.json
Compact summary: 0 messages, 0 projects
Running pre-compaction dump...
Found 0 recent session files
Extracted 0 messages
Saved pre-compaction dump to /root/.openclaw/workspace/memory/precompact/precompact_20260210_1530.json
Compact summary: 0 messages, 0 projects
Running pre-compaction dump...
Found 0 recent session files
Extracted 0 messages
Saved pre-compaction dump to /root/.openclaw/workspace/memory/precompact/precompact_20260210_1600.json
Compact summary: 0 messages, 0 projects
Running pre-compaction dump...
Found 0 recent session files
Extracted 0 messages
Saved pre-compaction dump to /root/.openclaw/workspace/memory/precompact/precompact_20260210_1630.json
Compact summary: 0 messages, 0 projects
Running pre-compaction dump...
Found 0 recent session files
Extracted 0 messages
Saved pre-compaction dump to /root/.openclaw/workspace/memory/precompact/precompact_20260210_1700.json
Compact summary: 0 messages, 0 projects
Running pre-compaction dump...
Found 0 recent session files
Extracted 0 messages
Saved pre-compaction dump to /root/.openclaw/workspace/memory/precompact/precompact_20260210_1730.json
Compact summary: 0 messages, 0 projects
Running pre-compaction dump...
Found 0 recent session files
Extracted 0 messages
Saved pre-compaction dump to /root/.openclaw/workspace/memory/precompact/precompact_20260210_1800.json
Compact summary: 0 messages, 0 projects
Running pre-compaction dump...
Found 0 recent session files
Extracted 0 messages
Saved pre-compaction dump to /root/.openclaw/workspace/memory/precompact/precompact_20260210_1830.json
Compact summary: 0 messages, 0 projects
Running pre-compaction dump...
Found 0 recent session files
Extracted 0 messages
Saved pre-compaction dump to /root/.openclaw/workspace/memory/precompact/precompact_20260210_1900.json
Compact summary: 0 messages, 0 projects
Running pre-compaction dump...
Found 0 recent session files
Extracted 0 messages
Saved pre-compaction dump to /root/.openclaw/workspace/memory/precompact/precompact_20260210_1930.json
Compact summary: 0 messages, 0 projects
Running pre-compaction dump...
Found 0 recent session files
Extracted 0 messages
Saved pre-compaction dump to /root/.openclaw/workspace/memory/precompact/precompact_20260210_2000.json
Compact summary: 0 messages, 0 projects
Running pre-compaction dump...
Found 0 recent session files
Extracted 0 messages
Saved pre-compaction dump to /root/.openclaw/workspace/memory/precompact/precompact_20260210_2030.json
Compact summary: 0 messages, 0 projects
Running pre-compaction dump...
Found 0 recent session files
Extracted 0 messages
Saved pre-compaction dump to /root/.openclaw/workspace/memory/precompact/precompact_20260210_2100.json
Compact summary: 0 messages, 0 projects
Running pre-compaction dump...
Found 0 recent session files
Extracted 0 messages
Saved pre-compaction dump to /root/.openclaw/workspace/memory/precompact/precompact_20260210_2130.json
Compact summary: 0 messages, 0 projects
Running pre-compaction dump...
Found 0 recent session files
Extracted 0 messages
Saved pre-compaction dump to /root/.openclaw/workspace/memory/precompact/precompact_20260210_2200.json
Compact summary: 0 messages, 0 projects
Running pre-compaction dump...
Found 0 recent session files
Extracted 0 messages
Saved pre-compaction dump to /root/.openclaw/workspace/memory/precompact/precompact_20260210_2230.json
Compact summary: 0 messages, 0 projects
Running pre-compaction dump...
Found 0 recent session files
Extracted 0 messages
Saved pre-compaction dump to /root/.openclaw/workspace/memory/precompact/precompact_20260210_2300.json
Compact summary: 0 messages, 0 projects
Running pre-compaction dump...
Found 0 recent session files
Extracted 0 messages
Saved pre-compaction dump to /root/.openclaw/workspace/memory/precompact/precompact_20260210_2330.json
Compact summary: 0 messages, 0 projects
Running pre-compaction dump...
Found 0 recent session files
Extracted 0 messages
Saved pre-compaction dump to /root/.openclaw/workspace/memory/precompact/precompact_20260211_0000.json
Compact summary: 0 messages, 0 projects
